{"/Users/martinlord/crud-interview/src/App.tsx": {"path":"/Users/martinlord/crud-interview/src/App.tsx","statementMap":{"0":{"start":{"line":1,"column":0},"end":{"line":1,"column":33}},"1":{"start":{"line":2,"column":0},"end":{"line":2,"column":19}},"2":{"start":{"line":3,"column":0},"end":{"line":3,"column":62}},"3":{"start":{"line":4,"column":0},"end":{"line":4,"column":44}},"4":{"start":{"line":5,"column":0},"end":{"line":5,"column":72}},"5":{"start":{"line":7,"column":0},"end":{"line":7,"column":79}},"6":{"start":{"line":10,"column":54},"end":{"line":10,"column":69}},"7":{"start":{"line":11,"column":42},"end":{"line":11,"column":69}},"8":{"start":{"line":13,"column":29},"end":{"line":13,"column":44}},"9":{"start":{"line":14,"column":29},"end":{"line":14,"column":44}},"10":{"start":{"line":16,"column":25},"end":{"line":19,"column":3}},"11":{"start":{"line":17,"column":4},"end":{"line":17,"column":26}},"12":{"start":{"line":18,"column":4},"end":{"line":18,"column":32}},"13":{"start":{"line":21,"column":27},"end":{"line":40,"column":3}},"14":{"start":{"line":22,"column":4},"end":{"line":39,"column":5}},"15":{"start":{"line":23,"column":6},"end":{"line":31,"column":8}},"16":{"start":{"line":27,"column":12},"end":{"line":27,"column":41}},"17":{"start":{"line":28,"column":12},"end":{"line":28,"column":34}},"18":{"start":{"line":33,"column":6},"end":{"line":38,"column":9}},"19":{"start":{"line":35,"column":10},"end":{"line":35,"column":39}},"20":{"start":{"line":36,"column":10},"end":{"line":36,"column":32}},"21":{"start":{"line":42,"column":2},"end":{"line":72,"column":4}},"22":{"start":{"line":47,"column":10},"end":{"line":47,"column":39}},"23":{"start":{"line":48,"column":10},"end":{"line":48,"column":32}},"24":{"start":{"line":61,"column":27},"end":{"line":61,"column":54}},"25":{"start":{"line":75,"column":0},"end":{"line":75,"column":19}}},"fnMap":{"0":{"name":"App","decl":{"start":{"line":9,"column":9},"end":{"line":9,"column":12}},"loc":{"start":{"line":9,"column":12},"end":{"line":73,"column":1}}},"1":{"name":"(anonymous_1)","decl":{"start":{"line":16,"column":25},"end":{"line":16,"column":26}},"loc":{"start":{"line":16,"column":40},"end":{"line":19,"column":3}}},"2":{"name":"(anonymous_2)","decl":{"start":{"line":21,"column":27},"end":{"line":21,"column":28}},"loc":{"start":{"line":21,"column":58},"end":{"line":40,"column":3}}},"3":{"name":"(anonymous_3)","decl":{"start":{"line":26,"column":21},"end":{"line":26,"column":24}},"loc":{"start":{"line":26,"column":26},"end":{"line":29,"column":11}}},"4":{"name":"(anonymous_4)","decl":{"start":{"line":34,"column":19},"end":{"line":34,"column":22}},"loc":{"start":{"line":34,"column":24},"end":{"line":37,"column":9}}},"5":{"name":"(anonymous_5)","decl":{"start":{"line":46,"column":17},"end":{"line":46,"column":20}},"loc":{"start":{"line":46,"column":22},"end":{"line":49,"column":9}}},"6":{"name":"(anonymous_6)","decl":{"start":{"line":61,"column":21},"end":{"line":61,"column":24}},"loc":{"start":{"line":61,"column":27},"end":{"line":61,"column":54}}}},"branchMap":{"0":{"loc":{"start":{"line":22,"column":4},"end":{"line":39,"column":5}},"type":"if","locations":[{"start":{"line":22,"column":4},"end":{"line":39,"column":5}},{"start":{"line":32,"column":11},"end":{"line":39,"column":5}}]},"1":{"loc":{"start":{"line":53,"column":10},"end":{"line":53,"column":70}},"type":"binary-expr","locations":[{"start":{"line":53,"column":10},"end":{"line":53,"column":38}},{"start":{"line":53,"column":42},"end":{"line":53,"column":70}}]}},"s":{"0":1,"1":1,"2":1,"3":1,"4":1,"5":1,"6":8,"7":8,"8":8,"9":8,"10":8,"11":1,"12":1,"13":8,"14":0,"15":0,"16":0,"17":0,"18":0,"19":0,"20":0,"21":8,"22":0,"23":0,"24":2,"25":1},"f":{"0":8,"1":1,"2":0,"3":0,"4":0,"5":0,"6":2},"b":{"0":[0,0],"1":[8,8]}}
,"/Users/martinlord/crud-interview/src/utils.ts": {"path":"/Users/martinlord/crud-interview/src/utils.ts","statementMap":{"0":{"start":{"line":1,"column":0},"end":{"line":1,"column":16}},"1":{"start":{"line":2,"column":2},"end":{"line":2,"column":24}},"2":{"start":{"line":2,"column":13},"end":{"line":2,"column":24}},"3":{"start":{"line":4,"column":2},"end":{"line":4,"column":65}}},"fnMap":{"0":{"name":"formatDateUK","decl":{"start":{"line":1,"column":16},"end":{"line":1,"column":28}},"loc":{"start":{"line":1,"column":42},"end":{"line":5,"column":1}}}},"branchMap":{"0":{"loc":{"start":{"line":2,"column":2},"end":{"line":2,"column":24}},"type":"if","locations":[{"start":{"line":2,"column":2},"end":{"line":2,"column":24}},{"start":{},"end":{}}]}},"s":{"0":1,"1":9,"2":0,"3":9},"f":{"0":9},"b":{"0":[0,9]}}
,"/Users/martinlord/crud-interview/src/features/users/components/UserFormDialog.tsx": {"path":"/Users/martinlord/crud-interview/src/features/users/components/UserFormDialog.tsx","statementMap":{"0":{"start":{"line":25,"column":0},"end":{"line":25,"column":24}},"1":{"start":{"line":1,"column":0},"end":{"line":1,"column":null}},"2":{"start":{"line":9,"column":0},"end":{"line":9,"column":44}},"3":{"start":{"line":32,"column":26},"end":{"line":36,"column":4}},"4":{"start":{"line":38,"column":30},"end":{"line":38,"column":54}},"5":{"start":{"line":40,"column":16},"end":{"line":40,"column":54}},"6":{"start":{"line":42,"column":2},"end":{"line":52,"column":21}},"7":{"start":{"line":43,"column":4},"end":{"line":43,"column":24}},"8":{"start":{"line":43,"column":17},"end":{"line":43,"column":24}},"9":{"start":{"line":45,"column":4},"end":{"line":49,"column":7}},"10":{"start":{"line":51,"column":4},"end":{"line":51,"column":18}},"11":{"start":{"line":55,"column":4},"end":{"line":68,"column":5}},"12":{"start":{"line":56,"column":4},"end":{"line":68,"column":5}},"13":{"start":{"line":57,"column":20},"end":{"line":57,"column":34}},"14":{"start":{"line":59,"column":6},"end":{"line":62,"column":10}},"15":{"start":{"line":59,"column":25},"end":{"line":62,"column":8}},"16":{"start":{"line":64,"column":6},"end":{"line":67,"column":10}},"17":{"start":{"line":64,"column":27},"end":{"line":67,"column":8}},"18":{"start":{"line":70,"column":19},"end":{"line":86,"column":3}},"19":{"start":{"line":71,"column":34},"end":{"line":71,"column":36}},"20":{"start":{"line":73,"column":4},"end":{"line":75,"column":5}},"21":{"start":{"line":74,"column":6},"end":{"line":74,"column":51}},"22":{"start":{"line":77,"column":4},"end":{"line":81,"column":5}},"23":{"start":{"line":78,"column":6},"end":{"line":78,"column":58}},"24":{"start":{"line":79,"column":11},"end":{"line":81,"column":5}},"25":{"start":{"line":80,"column":6},"end":{"line":80,"column":70}},"26":{"start":{"line":83,"column":4},"end":{"line":83,"column":25}},"27":{"start":{"line":85,"column":4},"end":{"line":85,"column":47}},"28":{"start":{"line":88,"column":27},"end":{"line":100,"column":3}},"29":{"start":{"line":89,"column":4},"end":{"line":89,"column":23}},"30":{"start":{"line":91,"column":4},"end":{"line":91,"column":29}},"31":{"start":{"line":91,"column":22},"end":{"line":91,"column":29}},"32":{"start":{"line":93,"column":4},"end":{"line":93,"column":28}},"33":{"start":{"line":93,"column":21},"end":{"line":93,"column":28}},"34":{"start":{"line":95,"column":4},"end":{"line":99,"column":7}},"35":{"start":{"line":102,"column":28},"end":{"line":111,"column":3}},"36":{"start":{"line":106,"column":4},"end":{"line":106,"column":29}},"37":{"start":{"line":106,"column":22},"end":{"line":106,"column":29}},"38":{"start":{"line":108,"column":4},"end":{"line":108,"column":73}},"39":{"start":{"line":108,"column":66},"end":{"line":108,"column":73}},"40":{"start":{"line":110,"column":4},"end":{"line":110,"column":14}},"41":{"start":{"line":113,"column":2},"end":{"line":168,"column":4}}},"fnMap":{"0":{"name":"UserFormDialog","decl":{"start":{"line":25,"column":24},"end":{"line":25,"column":38}},"loc":{"start":{"line":31,"column":22},"end":{"line":169,"column":1}}},"1":{"name":"(anonymous_1)","decl":{"start":{"line":42,"column":12},"end":{"line":42,"column":15}},"loc":{"start":{"line":42,"column":17},"end":{"line":52,"column":3}}},"2":{"name":"(anonymous_2)","decl":{"start":{"line":55,"column":4},"end":{"line":55,"column":5}},"loc":{"start":{"line":56,"column":4},"end":{"line":68,"column":5}}},"3":{"name":"(anonymous_3)","decl":{"start":{"line":56,"column":4},"end":{"line":56,"column":5}},"loc":{"start":{"line":56,"column":47},"end":{"line":68,"column":5}}},"4":{"name":"(anonymous_4)","decl":{"start":{"line":59,"column":14},"end":{"line":59,"column":15}},"loc":{"start":{"line":59,"column":25},"end":{"line":62,"column":8}}},"5":{"name":"(anonymous_5)","decl":{"start":{"line":64,"column":16},"end":{"line":64,"column":17}},"loc":{"start":{"line":64,"column":27},"end":{"line":67,"column":8}}},"6":{"name":"(anonymous_6)","decl":{"start":{"line":70,"column":19},"end":{"line":70,"column":22}},"loc":{"start":{"line":70,"column":24},"end":{"line":86,"column":3}}},"7":{"name":"(anonymous_7)","decl":{"start":{"line":88,"column":27},"end":{"line":88,"column":28}},"loc":{"start":{"line":88,"column":50},"end":{"line":100,"column":3}}},"8":{"name":"(anonymous_8)","decl":{"start":{"line":102,"column":28},"end":{"line":102,"column":null}},"loc":{"start":{"line":105,"column":6},"end":{"line":111,"column":3}}}},"branchMap":{"0":{"loc":{"start":{"line":29,"column":2},"end":{"line":29,"column":22}},"type":"default-arg","locations":[{"start":{"line":29,"column":17},"end":{"line":29,"column":22}}]},"1":{"loc":{"start":{"line":43,"column":4},"end":{"line":43,"column":24}},"type":"if","locations":[{"start":{"line":43,"column":4},"end":{"line":43,"column":24}},{"start":{},"end":{}}]},"2":{"loc":{"start":{"line":46,"column":17},"end":{"line":46,"column":38}},"type":"binary-expr","locations":[{"start":{"line":46,"column":17},"end":{"line":46,"column":32}},{"start":{"line":46,"column":36},"end":{"line":46,"column":38}}]},"3":{"loc":{"start":{"line":47,"column":16},"end":{"line":47,"column":36}},"type":"binary-expr","locations":[{"start":{"line":47,"column":16},"end":{"line":47,"column":30}},{"start":{"line":47,"column":34},"end":{"line":47,"column":36}}]},"4":{"loc":{"start":{"line":48,"column":19},"end":{"line":48,"column":42}},"type":"binary-expr","locations":[{"start":{"line":48,"column":19},"end":{"line":48,"column":36}},{"start":{"line":48,"column":40},"end":{"line":48,"column":42}}]},"5":{"loc":{"start":{"line":73,"column":4},"end":{"line":75,"column":5}},"type":"if","locations":[{"start":{"line":73,"column":4},"end":{"line":75,"column":5}},{"start":{},"end":{}}]},"6":{"loc":{"start":{"line":77,"column":4},"end":{"line":81,"column":5}},"type":"if","locations":[{"start":{"line":77,"column":4},"end":{"line":81,"column":5}},{"start":{"line":79,"column":11},"end":{"line":81,"column":5}}]},"7":{"loc":{"start":{"line":79,"column":11},"end":{"line":81,"column":5}},"type":"if","locations":[{"start":{"line":79,"column":11},"end":{"line":81,"column":5}},{"start":{},"end":{}}]},"8":{"loc":{"start":{"line":91,"column":4},"end":{"line":91,"column":29}},"type":"if","locations":[{"start":{"line":91,"column":4},"end":{"line":91,"column":29}},{"start":{},"end":{}}]},"9":{"loc":{"start":{"line":93,"column":4},"end":{"line":93,"column":28}},"type":"if","locations":[{"start":{"line":93,"column":4},"end":{"line":93,"column":28}},{"start":{},"end":{}}]},"10":{"loc":{"start":{"line":96,"column":17},"end":{"line":96,"column":52}},"type":"binary-expr","locations":[{"start":{"line":96,"column":17},"end":{"line":96,"column":39}},{"start":{"line":96,"column":43},"end":{"line":96,"column":52}}]},"11":{"loc":{"start":{"line":98,"column":19},"end":{"line":98,"column":48}},"type":"binary-expr","locations":[{"start":{"line":98,"column":19},"end":{"line":98,"column":35}},{"start":{"line":98,"column":39},"end":{"line":98,"column":48}}]},"12":{"loc":{"start":{"line":106,"column":4},"end":{"line":106,"column":29}},"type":"if","locations":[{"start":{"line":106,"column":4},"end":{"line":106,"column":29}},{"start":{},"end":{}}]},"13":{"loc":{"start":{"line":108,"column":4},"end":{"line":108,"column":73}},"type":"if","locations":[{"start":{"line":108,"column":4},"end":{"line":108,"column":73}},{"start":{},"end":{}}]},"14":{"loc":{"start":{"line":108,"column":8},"end":{"line":108,"column":64}},"type":"binary-expr","locations":[{"start":{"line":108,"column":8},"end":{"line":108,"column":34}},{"start":{"line":108,"column":38},"end":{"line":108,"column":64}}]},"15":{"loc":{"start":{"line":121,"column":22},"end":{"line":121,"column":56}},"type":"cond-expr","locations":[{"start":{"line":121,"column":29},"end":{"line":121,"column":40}},{"start":{"line":121,"column":43},"end":{"line":121,"column":56}}]}},"s":{"0":1,"1":1,"2":1,"3":17,"4":17,"5":17,"6":17,"7":8,"8":5,"9":3,"10":3,"11":17,"12":51,"13":4,"14":4,"15":4,"16":4,"17":4,"18":17,"19":2,"20":2,"21":1,"22":2,"23":1,"24":1,"25":1,"26":2,"27":2,"28":17,"29":2,"30":2,"31":0,"32":2,"33":2,"34":0,"35":17,"36":0,"37":0,"38":0,"39":0,"40":0,"41":17},"f":{"0":17,"1":8,"2":51,"3":4,"4":4,"5":4,"6":2,"7":2,"8":0},"b":{"0":[0],"1":[5,3],"2":[3,2],"3":[3,2],"4":[3,2],"5":[1,1],"6":[1,1],"7":[1,0],"8":[0,2],"9":[2,0],"10":[0,0],"11":[0,0],"12":[0,0],"13":[0,0],"14":[0,0],"15":[2,15]}}
,"/Users/martinlord/crud-interview/src/features/users/components/UsersList.tsx": {"path":"/Users/martinlord/crud-interview/src/features/users/components/UsersList.tsx","statementMap":{"0":{"start":{"line":23,"column":0},"end":{"line":23,"column":24}},"1":{"start":{"line":1,"column":0},"end":{"line":1,"column":null}},"2":{"start":{"line":13,"column":0},"end":{"line":13,"column":33}},"3":{"start":{"line":14,"column":0},"end":{"line":14,"column":60}},"4":{"start":{"line":16,"column":0},"end":{"line":16,"column":46}},"5":{"start":{"line":27,"column":58},"end":{"line":27,"column":68}},"6":{"start":{"line":28,"column":29},"end":{"line":28,"column":44}},"7":{"start":{"line":30,"column":38},"end":{"line":30,"column":71}},"8":{"start":{"line":32,"column":20},"end":{"line":32,"column":31}},"9":{"start":{"line":34,"column":4},"end":{"line":34,"column":55}},"10":{"start":{"line":36,"column":23},"end":{"line":42,"column":3}},"11":{"start":{"line":37,"column":4},"end":{"line":37,"column":22}},"12":{"start":{"line":39,"column":4},"end":{"line":41,"column":7}},"13":{"start":{"line":40,"column":23},"end":{"line":40,"column":42}},"14":{"start":{"line":44,"column":2},"end":{"line":44,"column":53}},"15":{"start":{"line":44,"column":15},"end":{"line":44,"column":53}},"16":{"start":{"line":46,"column":23},"end":{"line":46,"column":62}},"17":{"start":{"line":48,"column":4},"end":{"line":50,"column":null}},"18":{"start":{"line":54,"column":2},"end":{"line":153,"column":4}},"19":{"start":{"line":75,"column":16},"end":{"line":75,"column":null}},"20":{"start":{"line":85,"column":18},"end":{"line":85,"column":72}},"21":{"start":{"line":88,"column":18},"end":{"line":90,"column":46}},"22":{"start":{"line":92,"column":41},"end":{"line":92,"column":51}},"23":{"start":{"line":94,"column":16},"end":{"line":137,"column":18}},"24":{"start":{"line":119,"column":43},"end":{"line":119,"column":55}},"25":{"start":{"line":129,"column":43},"end":{"line":129,"column":64}}},"fnMap":{"0":{"name":"UsersList","decl":{"start":{"line":23,"column":24},"end":{"line":23,"column":33}},"loc":{"start":{"line":26,"column":17},"end":{"line":154,"column":1}}},"1":{"name":"(anonymous_1)","decl":{"start":{"line":36,"column":23},"end":{"line":36,"column":24}},"loc":{"start":{"line":36,"column":42},"end":{"line":42,"column":3}}},"2":{"name":"(anonymous_2)","decl":{"start":{"line":40,"column":17},"end":{"line":40,"column":20}},"loc":{"start":{"line":40,"column":23},"end":{"line":40,"column":42}}},"3":{"name":"(anonymous_3)","decl":{"start":{"line":74,"column":44},"end":{"line":74,"column":45}},"loc":{"start":{"line":75,"column":16},"end":{"line":75,"column":null}}},"4":{"name":"(anonymous_4)","decl":{"start":{"line":83,"column":28},"end":{"line":83,"column":29}},"loc":{"start":{"line":83,"column":37},"end":{"line":138,"column":15}}},"5":{"name":"(anonymous_5)","decl":{"start":{"line":119,"column":37},"end":{"line":119,"column":40}},"loc":{"start":{"line":119,"column":43},"end":{"line":119,"column":55}}},"6":{"name":"(anonymous_6)","decl":{"start":{"line":129,"column":37},"end":{"line":129,"column":40}},"loc":{"start":{"line":129,"column":43},"end":{"line":129,"column":64}}}},"branchMap":{"0":{"loc":{"start":{"line":25,"column":2},"end":{"line":25,"column":26}},"type":"default-arg","locations":[{"start":{"line":25,"column":21},"end":{"line":25,"column":26}}]},"1":{"loc":{"start":{"line":32,"column":20},"end":{"line":32,"column":31}},"type":"binary-expr","locations":[{"start":{"line":32,"column":20},"end":{"line":32,"column":25}},{"start":{"line":32,"column":29},"end":{"line":32,"column":31}}]},"2":{"loc":{"start":{"line":34,"column":4},"end":{"line":34,"column":55}},"type":"binary-expr","locations":[{"start":{"line":34,"column":4},"end":{"line":34,"column":26}},{"start":{"line":34,"column":31},"end":{"line":34,"column":40}},{"start":{"line":34,"column":44},"end":{"line":34,"column":54}}]},"3":{"loc":{"start":{"line":44,"column":2},"end":{"line":44,"column":53}},"type":"if","locations":[{"start":{"line":44,"column":2},"end":{"line":44,"column":53}},{"start":{},"end":{}}]},"4":{"loc":{"start":{"line":73,"column":13},"end":{"line":147,"column":null}},"type":"cond-expr","locations":[{"start":{"line":74,"column":14},"end":{"line":81,"column":16}},{"start":{"line":82,"column":16},"end":{"line":147,"column":null}}]},"5":{"loc":{"start":{"line":82,"column":16},"end":{"line":147,"column":null}},"type":"cond-expr","locations":[{"start":{"line":83,"column":14},"end":{"line":138,"column":16}},{"start":{"line":140,"column":14},"end":{"line":146,"column":null}}]},"6":{"loc":{"start":{"line":85,"column":18},"end":{"line":85,"column":72}},"type":"binary-expr","locations":[{"start":{"line":85,"column":18},"end":{"line":85,"column":46}},{"start":{"line":85,"column":50},"end":{"line":85,"column":72}}]},"7":{"loc":{"start":{"line":88,"column":18},"end":{"line":90,"column":46}},"type":"binary-expr","locations":[{"start":{"line":88,"column":18},"end":{"line":88,"column":34}},{"start":{"line":89,"column":18},"end":{"line":89,"column":31}},{"start":{"line":90,"column":18},"end":{"line":90,"column":46}}]},"8":{"loc":{"start":{"line":97,"column":23},"end":{"line":99,"column":49}},"type":"cond-expr","locations":[{"start":{"line":98,"column":26},"end":{"line":98,"column":38}},{"start":{"line":99,"column":27},"end":{"line":99,"column":48}}]},"9":{"loc":{"start":{"line":99,"column":27},"end":{"line":99,"column":48}},"type":"binary-expr","locations":[{"start":{"line":99,"column":27},"end":{"line":99,"column":41}},{"start":{"line":99,"column":45},"end":{"line":99,"column":48}}]},"10":{"loc":{"start":{"line":103,"column":23},"end":{"line":103,"column":70}},"type":"cond-expr","locations":[{"start":{"line":103,"column":42},"end":{"line":103,"column":54}},{"start":{"line":103,"column":57},"end":{"line":103,"column":70}}]},"11":{"loc":{"start":{"line":107,"column":23},"end":{"line":109,"column":56}},"type":"cond-expr","locations":[{"start":{"line":108,"column":26},"end":{"line":108,"column":38}},{"start":{"line":109,"column":26},"end":{"line":109,"column":56}}]},"12":{"loc":{"start":{"line":113,"column":23},"end":{"line":133,"column":null}},"type":"cond-expr","locations":[{"start":{"line":114,"column":24},"end":{"line":114,"column":38}},{"start":{"line":116,"column":24},"end":{"line":132,"column":null}}]},"13":{"loc":{"start":{"line":113,"column":23},"end":{"line":113,"column":56}},"type":"binary-expr","locations":[{"start":{"line":113,"column":23},"end":{"line":113,"column":39}},{"start":{"line":113,"column":43},"end":{"line":113,"column":56}}]}},"s":{"0":1,"1":1,"2":1,"3":1,"4":1,"5":9,"6":9,"7":9,"8":9,"9":9,"10":9,"11":1,"12":1,"13":0,"14":9,"15":0,"16":9,"17":9,"18":9,"19":0,"20":9,"21":9,"22":9,"23":9,"24":1,"25":1},"f":{"0":9,"1":1,"2":0,"3":0,"4":9,"5":1,"6":1},"b":{"0":[9],"1":[9,0],"2":[9,0,0],"3":[0,9],"4":[0,9],"5":[9,0],"6":[9,0],"7":[9,9,9],"8":[0,9],"9":[9,0],"10":[0,9],"11":[0,9],"12":[0,9],"13":[9,9]}}
}
