TN:
SF:src/App.tsx
FN:9,App
FN:16,(anonymous_1)
FN:21,(anonymous_2)
FN:26,(anonymous_3)
FN:34,(anonymous_4)
FN:46,(anonymous_5)
FN:61,(anonymous_6)
FNF:7
FNH:3
FNDA:8,App
FNDA:1,(anonymous_1)
FNDA:0,(anonymous_2)
FNDA:0,(anonymous_3)
FNDA:0,(anonymous_4)
FNDA:0,(anonymous_5)
FNDA:2,(anonymous_6)
DA:1,1
DA:2,1
DA:3,1
DA:4,1
DA:5,1
DA:7,1
DA:10,8
DA:11,8
DA:13,8
DA:14,8
DA:16,8
DA:17,1
DA:18,1
DA:21,8
DA:22,0
DA:23,0
DA:27,0
DA:28,0
DA:33,0
DA:35,0
DA:36,0
DA:42,8
DA:47,0
DA:48,0
DA:61,2
DA:75,1
LF:26
LH:17
BRDA:22,0,0,0
BRDA:22,0,1,0
BRDA:53,1,0,8
BRDA:53,1,1,8
BRF:4
BRH:2
end_of_record
TN:
SF:src/utils.ts
FN:1,formatDateUK
FNF:1
FNH:1
FNDA:9,formatDateUK
DA:1,1
DA:2,9
DA:4,9
LF:3
LH:3
BRDA:2,0,0,0
BRDA:2,0,1,9
BRF:2
BRH:1
end_of_record
TN:
SF:src/features/users/components/UserFormDialog.tsx
FN:25,UserFormDialog
FN:42,(anonymous_1)
FN:55,(anonymous_2)
FN:56,(anonymous_3)
FN:59,(anonymous_4)
FN:64,(anonymous_5)
FN:70,(anonymous_6)
FN:88,(anonymous_7)
FN:102,(anonymous_8)
FNF:9
FNH:8
FNDA:17,UserFormDialog
FNDA:8,(anonymous_1)
FNDA:51,(anonymous_2)
FNDA:4,(anonymous_3)
FNDA:4,(anonymous_4)
FNDA:4,(anonymous_5)
FNDA:2,(anonymous_6)
FNDA:2,(anonymous_7)
FNDA:0,(anonymous_8)
DA:1,1
DA:9,1
DA:25,1
DA:32,17
DA:38,17
DA:40,17
DA:42,17
DA:43,8
DA:45,3
DA:51,3
DA:55,17
DA:56,51
DA:57,4
DA:59,4
DA:64,4
DA:70,17
DA:71,2
DA:73,2
DA:74,1
DA:77,2
DA:78,1
DA:79,1
DA:80,1
DA:83,2
DA:85,2
DA:88,17
DA:89,2
DA:91,2
DA:93,2
DA:95,0
DA:102,17
DA:106,0
DA:108,0
DA:110,0
DA:113,17
LF:35
LH:31
BRDA:29,0,0,0
BRDA:43,1,0,5
BRDA:43,1,1,3
BRDA:46,2,0,3
BRDA:46,2,1,2
BRDA:47,3,0,3
BRDA:47,3,1,2
BRDA:48,4,0,3
BRDA:48,4,1,2
BRDA:73,5,0,1
BRDA:73,5,1,1
BRDA:77,6,0,1
BRDA:77,6,1,1
BRDA:79,7,0,1
BRDA:79,7,1,0
BRDA:91,8,0,0
BRDA:91,8,1,2
BRDA:93,9,0,2
BRDA:93,9,1,0
BRDA:96,10,0,0
BRDA:96,10,1,0
BRDA:98,11,0,0
BRDA:98,11,1,0
BRDA:106,12,0,0
BRDA:106,12,1,0
BRDA:108,13,0,0
BRDA:108,13,1,0
BRDA:108,14,0,0
BRDA:108,14,1,0
BRDA:121,15,0,2
BRDA:121,15,1,15
BRF:31
BRH:17
end_of_record
TN:
SF:src/features/users/components/UsersList.tsx
FN:23,UsersList
FN:36,(anonymous_1)
FN:40,(anonymous_2)
FN:74,(anonymous_3)
FN:83,(anonymous_4)
FN:119,(anonymous_5)
FN:129,(anonymous_6)
FNF:7
FNH:5
FNDA:9,UsersList
FNDA:1,(anonymous_1)
FNDA:0,(anonymous_2)
FNDA:0,(anonymous_3)
FNDA:9,(anonymous_4)
FNDA:1,(anonymous_5)
FNDA:1,(anonymous_6)
DA:1,1
DA:13,1
DA:14,1
DA:16,1
DA:23,1
DA:27,9
DA:28,9
DA:30,9
DA:32,9
DA:34,9
DA:36,9
DA:37,1
DA:39,1
DA:40,0
DA:44,9
DA:46,9
DA:48,9
DA:54,9
DA:75,0
DA:85,9
DA:88,9
DA:92,9
DA:94,9
DA:119,1
DA:129,1
LF:25
LH:23
BRDA:25,0,0,9
BRDA:32,1,0,9
BRDA:32,1,1,0
BRDA:34,2,0,9
BRDA:34,2,1,0
BRDA:34,2,2,0
BRDA:44,3,0,0
BRDA:44,3,1,9
BRDA:73,4,0,0
BRDA:73,4,1,9
BRDA:82,5,0,9
BRDA:82,5,1,0
BRDA:85,6,0,9
BRDA:85,6,1,0
BRDA:88,7,0,9
BRDA:88,7,1,9
BRDA:88,7,2,9
BRDA:97,8,0,0
BRDA:97,8,1,9
BRDA:99,9,0,9
BRDA:99,9,1,0
BRDA:103,10,0,0
BRDA:103,10,1,9
BRDA:107,11,0,0
BRDA:107,11,1,9
BRDA:113,12,0,0
BRDA:113,12,1,9
BRDA:113,13,0,9
BRDA:113,13,1,9
BRF:29
BRH:17
end_of_record
